<?xml version="1.0" encoding="UTF-8"?>
<!-- Generated by org.testng.reporters.JUnitXMLReporter -->
<testsuite ignored="0" hostname="DESKTOP-R4GTS98" failures="0" tests="10" name="Default test" time="171.874" errors="0" timestamp="2025-02-28T04:54:06 WIB">
  <testcase classname="tutorialsninja.tests.Login" name="verifyLoginWithValidCredentials" time="3.165"/>
  <testcase classname="tutorialsninja.tests.Login" name="verifyLoginWithInvalidCredentials" time="2.186"/>
  <testcase classname="tutorialsninja.tests.Login" name="verifyLoginWithInvalidEmailAndValidPassword" time="2.191"/>
  <testcase classname="tutorialsninja.tests.Login" name="verifyLoginWithValidEmailAndInvalidPassword" time="1.889"/>
  <testcase classname="tutorialsninja.tests.Login" name="verifyLoginWithoutCredentials" time="1.806"/>
  <testcase classname="tutorialsninja.tests.Login" name="verifyLoginWithInactiveCredentials" time="2.251"/>
  <testcase classname="tutorialsninja.tests.Login" name="verifyLoggingIntoApplicationAfterChangingPassword" time="14.692"/>
  <testcase classname="tutorialsninja.tests.Login" name="verifyCaseSensitivePasswordHandling" time="2.18"/>
  <testcase classname="tutorialsninja.tests.Login" name="verifyCopyingOfTextEnteredIntoPasswordField" time="0.814"/>
  <testcase classname="tutorialsninja.tests.Login" name="verifyLeadingAndTrailingSpacesWhileLoginAccount" time="2.198"/>
</testsuite> <!-- Default test -->
