<?xml version="1.0" encoding="UTF-8"?>
<testng-results ignored="0" total="10" passed="10" failed="0" skipped="0">
  <reporter-output>
  </reporter-output>
  <suite started-at="2025-02-28T04:51:15 WIB" name="Default suite" finished-at="2025-02-28T04:54:06 WIB" duration-ms="171874">
    <groups>
    </groups>
    <test started-at="2025-02-28T04:51:15 WIB" name="Default test" finished-at="2025-02-28T04:54:06 WIB" duration-ms="171874">
      <class name="tutorialsninja.tests.Login">
        <test-method is-config="true" signature="setup()[pri:0, instance:tutorialsninja.tests.Login@15de0b3c]" started-at="2025-02-28T04:51:15 WIB" name="setup" finished-at="2025-02-28T04:51:30 WIB" duration-ms="15298" status="PASS">
          <reporter-output>
          </reporter-output>
        </test-method> <!-- setup -->
        <test-method signature="verifyLoginWithValidCredentials()[pri:1, instance:tutorialsninja.tests.Login@15de0b3c]" started-at="2025-02-28T04:51:30 WIB" name="verifyLoginWithValidCredentials" finished-at="2025-02-28T04:51:33 WIB" duration-ms="3165" status="PASS">
          <reporter-output>
          </reporter-output>
        </test-method> <!-- verifyLoginWithValidCredentials -->
        <test-method is-config="true" signature="tearDown()[pri:0, instance:tutorialsninja.tests.Login@15de0b3c]" started-at="2025-02-28T04:51:33 WIB" name="tearDown" finished-at="2025-02-28T04:51:34 WIB" duration-ms="887" status="PASS">
          <reporter-output>
          </reporter-output>
        </test-method> <!-- tearDown -->
        <test-method is-config="true" signature="setup()[pri:0, instance:tutorialsninja.tests.Login@15de0b3c]" started-at="2025-02-28T04:51:34 WIB" name="setup" finished-at="2025-02-28T04:51:47 WIB" duration-ms="13383" status="PASS">
          <reporter-output>
          </reporter-output>
        </test-method> <!-- setup -->
        <test-method signature="verifyLoginWithInvalidCredentials()[pri:2, instance:tutorialsninja.tests.Login@15de0b3c]" started-at="2025-02-28T04:51:47 WIB" name="verifyLoginWithInvalidCredentials" finished-at="2025-02-28T04:51:50 WIB" duration-ms="2186" status="PASS">
          <reporter-output>
          </reporter-output>
        </test-method> <!-- verifyLoginWithInvalidCredentials -->
        <test-method is-config="true" signature="tearDown()[pri:0, instance:tutorialsninja.tests.Login@15de0b3c]" started-at="2025-02-28T04:51:50 WIB" name="tearDown" finished-at="2025-02-28T04:51:50 WIB" duration-ms="655" status="PASS">
          <reporter-output>
          </reporter-output>
        </test-method> <!-- tearDown -->
        <test-method is-config="true" signature="setup()[pri:0, instance:tutorialsninja.tests.Login@15de0b3c]" started-at="2025-02-28T04:51:50 WIB" name="setup" finished-at="2025-02-28T04:52:04 WIB" duration-ms="13665" status="PASS">
          <reporter-output>
          </reporter-output>
        </test-method> <!-- setup -->
        <test-method signature="verifyLoginWithInvalidEmailAndValidPassword()[pri:3, instance:tutorialsninja.tests.Login@15de0b3c]" started-at="2025-02-28T04:52:04 WIB" name="verifyLoginWithInvalidEmailAndValidPassword" finished-at="2025-02-28T04:52:06 WIB" duration-ms="2191" status="PASS">
          <reporter-output>
          </reporter-output>
        </test-method> <!-- verifyLoginWithInvalidEmailAndValidPassword -->
        <test-method is-config="true" signature="tearDown()[pri:0, instance:tutorialsninja.tests.Login@15de0b3c]" started-at="2025-02-28T04:52:06 WIB" name="tearDown" finished-at="2025-02-28T04:52:07 WIB" duration-ms="733" status="PASS">
          <reporter-output>
          </reporter-output>
        </test-method> <!-- tearDown -->
        <test-method is-config="true" signature="setup()[pri:0, instance:tutorialsninja.tests.Login@15de0b3c]" started-at="2025-02-28T04:52:07 WIB" name="setup" finished-at="2025-02-28T04:52:20 WIB" duration-ms="12649" status="PASS">
          <reporter-output>
          </reporter-output>
        </test-method> <!-- setup -->
        <test-method signature="verifyLoginWithValidEmailAndInvalidPassword()[pri:4, instance:tutorialsninja.tests.Login@15de0b3c]" started-at="2025-02-28T04:52:20 WIB" name="verifyLoginWithValidEmailAndInvalidPassword" finished-at="2025-02-28T04:52:21 WIB" duration-ms="1889" status="PASS">
          <reporter-output>
          </reporter-output>
        </test-method> <!-- verifyLoginWithValidEmailAndInvalidPassword -->
        <test-method is-config="true" signature="tearDown()[pri:0, instance:tutorialsninja.tests.Login@15de0b3c]" started-at="2025-02-28T04:52:21 WIB" name="tearDown" finished-at="2025-02-28T04:52:22 WIB" duration-ms="776" status="PASS">
          <reporter-output>
          </reporter-output>
        </test-method> <!-- tearDown -->
        <test-method is-config="true" signature="setup()[pri:0, instance:tutorialsninja.tests.Login@15de0b3c]" started-at="2025-02-28T04:52:22 WIB" name="setup" finished-at="2025-02-28T04:52:36 WIB" duration-ms="13556" status="PASS">
          <reporter-output>
          </reporter-output>
        </test-method> <!-- setup -->
        <test-method signature="verifyLoginWithoutCredentials()[pri:5, instance:tutorialsninja.tests.Login@15de0b3c]" started-at="2025-02-28T04:52:36 WIB" name="verifyLoginWithoutCredentials" finished-at="2025-02-28T04:52:38 WIB" duration-ms="1806" status="PASS">
          <reporter-output>
          </reporter-output>
        </test-method> <!-- verifyLoginWithoutCredentials -->
        <test-method is-config="true" signature="tearDown()[pri:0, instance:tutorialsninja.tests.Login@15de0b3c]" started-at="2025-02-28T04:52:38 WIB" name="tearDown" finished-at="2025-02-28T04:52:38 WIB" duration-ms="649" status="PASS">
          <reporter-output>
          </reporter-output>
        </test-method> <!-- tearDown -->
        <test-method is-config="true" signature="setup()[pri:0, instance:tutorialsninja.tests.Login@15de0b3c]" started-at="2025-02-28T04:52:38 WIB" name="setup" finished-at="2025-02-28T04:52:51 WIB" duration-ms="12678" status="PASS">
          <reporter-output>
          </reporter-output>
        </test-method> <!-- setup -->
        <test-method signature="verifyLoginWithInactiveCredentials()[pri:6, instance:tutorialsninja.tests.Login@15de0b3c]" started-at="2025-02-28T04:52:51 WIB" name="verifyLoginWithInactiveCredentials" finished-at="2025-02-28T04:52:53 WIB" duration-ms="2251" status="PASS">
          <reporter-output>
          </reporter-output>
        </test-method> <!-- verifyLoginWithInactiveCredentials -->
        <test-method is-config="true" signature="tearDown()[pri:0, instance:tutorialsninja.tests.Login@15de0b3c]" started-at="2025-02-28T04:52:53 WIB" name="tearDown" finished-at="2025-02-28T04:52:54 WIB" duration-ms="662" status="PASS">
          <reporter-output>
          </reporter-output>
        </test-method> <!-- tearDown -->
        <test-method is-config="true" signature="setup()[pri:0, instance:tutorialsninja.tests.Login@15de0b3c]" started-at="2025-02-28T04:52:54 WIB" name="setup" finished-at="2025-02-28T04:53:06 WIB" duration-ms="12612" status="PASS">
          <reporter-output>
          </reporter-output>
        </test-method> <!-- setup -->
        <test-method signature="verifyLoggingIntoApplicationAfterChangingPassword()[pri:7, instance:tutorialsninja.tests.Login@15de0b3c]" started-at="2025-02-28T04:53:06 WIB" name="verifyLoggingIntoApplicationAfterChangingPassword" finished-at="2025-02-28T04:53:21 WIB" duration-ms="14692" status="PASS">
          <reporter-output>
          </reporter-output>
        </test-method> <!-- verifyLoggingIntoApplicationAfterChangingPassword -->
        <test-method is-config="true" signature="tearDown()[pri:0, instance:tutorialsninja.tests.Login@15de0b3c]" started-at="2025-02-28T04:53:21 WIB" name="tearDown" finished-at="2025-02-28T04:53:22 WIB" duration-ms="579" status="PASS">
          <reporter-output>
          </reporter-output>
        </test-method> <!-- tearDown -->
        <test-method is-config="true" signature="setup()[pri:0, instance:tutorialsninja.tests.Login@15de0b3c]" started-at="2025-02-28T04:53:22 WIB" name="setup" finished-at="2025-02-28T04:53:34 WIB" duration-ms="12536" status="PASS">
          <reporter-output>
          </reporter-output>
        </test-method> <!-- setup -->
        <test-method signature="verifyCaseSensitivePasswordHandling()[pri:8, instance:tutorialsninja.tests.Login@15de0b3c]" started-at="2025-02-28T04:53:34 WIB" name="verifyCaseSensitivePasswordHandling" finished-at="2025-02-28T04:53:36 WIB" duration-ms="2180" status="PASS">
          <reporter-output>
          </reporter-output>
        </test-method> <!-- verifyCaseSensitivePasswordHandling -->
        <test-method is-config="true" signature="tearDown()[pri:0, instance:tutorialsninja.tests.Login@15de0b3c]" started-at="2025-02-28T04:53:36 WIB" name="tearDown" finished-at="2025-02-28T04:53:37 WIB" duration-ms="581" status="PASS">
          <reporter-output>
          </reporter-output>
        </test-method> <!-- tearDown -->
        <test-method is-config="true" signature="setup()[pri:0, instance:tutorialsninja.tests.Login@15de0b3c]" started-at="2025-02-28T04:53:37 WIB" name="setup" finished-at="2025-02-28T04:53:50 WIB" duration-ms="12630" status="PASS">
          <reporter-output>
          </reporter-output>
        </test-method> <!-- setup -->
        <test-method signature="verifyCopyingOfTextEnteredIntoPasswordField()[pri:9, instance:tutorialsninja.tests.Login@15de0b3c]" started-at="2025-02-28T04:53:50 WIB" name="verifyCopyingOfTextEnteredIntoPasswordField" finished-at="2025-02-28T04:53:50 WIB" duration-ms="814" status="PASS">
          <reporter-output>
          </reporter-output>
        </test-method> <!-- verifyCopyingOfTextEnteredIntoPasswordField -->
        <test-method is-config="true" signature="tearDown()[pri:0, instance:tutorialsninja.tests.Login@15de0b3c]" started-at="2025-02-28T04:53:50 WIB" name="tearDown" finished-at="2025-02-28T04:53:51 WIB" duration-ms="595" status="PASS">
          <reporter-output>
          </reporter-output>
        </test-method> <!-- tearDown -->
        <test-method is-config="true" signature="setup()[pri:0, instance:tutorialsninja.tests.Login@15de0b3c]" started-at="2025-02-28T04:53:51 WIB" name="setup" finished-at="2025-02-28T04:54:04 WIB" duration-ms="12571" status="PASS">
          <reporter-output>
          </reporter-output>
        </test-method> <!-- setup -->
        <test-method signature="verifyLeadingAndTrailingSpacesWhileLoginAccount()[pri:10, instance:tutorialsninja.tests.Login@15de0b3c]" started-at="2025-02-28T04:54:04 WIB" name="verifyLeadingAndTrailingSpacesWhileLoginAccount" finished-at="2025-02-28T04:54:06 WIB" duration-ms="2198" status="PASS">
          <reporter-output>
          </reporter-output>
        </test-method> <!-- verifyLeadingAndTrailingSpacesWhileLoginAccount -->
        <test-method is-config="true" signature="tearDown()[pri:0, instance:tutorialsninja.tests.Login@15de0b3c]" started-at="2025-02-28T04:54:06 WIB" name="tearDown" finished-at="2025-02-28T04:54:06 WIB" duration-ms="610" status="PASS">
          <reporter-output>
          </reporter-output>
        </test-method> <!-- tearDown -->
      </class> <!-- tutorialsninja.tests.Login -->
    </test> <!-- Default test -->
  </suite> <!-- Default suite -->
</testng-results>
